This file contains any messages produced by compilers while
running configure, to aid debugging if configure makes a mistake.

It was created by Unimodularity Library configure 1.2c, which was
generated by GNU Autoconf 2.68.  Invocation command line was

  $ ./configure 

## --------- ##
## Platform. ##
## --------- ##

hostname = Tokunaga-MBA.local
uname -m = x86_64
uname -r = 14.0.0
uname -s = Darwin
uname -v = Darwin Kernel Version 14.0.0: Fri Sep 19 00:26:44 PDT 2014; root:xnu-2782.1.97~2/RELEASE_X86_64

/usr/bin/uname -p = i386
/bin/uname -X     = unknown

/bin/arch              = unknown
/usr/bin/arch -k       = unknown
/usr/convex/getsysinfo = unknown
/usr/bin/hostinfo      = Mach kernel version:
	 Darwin Kernel Version 14.0.0: Fri Sep 19 00:26:44 PDT 2014; root:xnu-2782.1.97~2/RELEASE_X86_64
Kernel configured for up to 4 processors.
2 processors are physically available.
4 processors are logically available.
Processor type: i486 (Intel 80486)
Processors active: 0 1 2 3
Primary memory available: 4.00 gigabytes
Default processor set: 274 tasks, 1188 threads, 4 processors
Load average: 8.24, Mach factor: 0.35
/bin/machine           = unknown
/usr/bin/oslevel       = unknown
/bin/universe          = unknown

PATH: /usr/local/opt/coreutils/libexec/gnubin
PATH: /usr/local/bin
PATH: /usr/local/sbin
PATH: /usr/bin
PATH: /Users/tokunagamakoto/.cabal/bin
PATH: /usr/local/bin
PATH: /usr/usr/bin
PATH: /bin
PATH: /usr/sbin
PATH: /sbin
PATH: /opt/X11/bin
PATH: /usr/texbin
PATH: /usr/bin


## ----------- ##
## Core tests. ##
## ----------- ##

configure:2291: checking for a BSD-compatible install
configure:2359: result: /usr/local/opt/coreutils/libexec/gnubin/install -c
configure:2370: checking whether build environment is sane
configure:2420: result: yes
configure:2561: checking for a thread-safe mkdir -p
configure:2600: result: /usr/local/opt/coreutils/libexec/gnubin/mkdir -p
configure:2613: checking for gawk
configure:2643: result: no
configure:2613: checking for mawk
configure:2643: result: no
configure:2613: checking for nawk
configure:2643: result: no
configure:2613: checking for awk
configure:2629: found /usr/bin/awk
configure:2640: result: awk
configure:2651: checking whether make sets $(MAKE)
configure:2673: result: yes
configure:2822: checking for g++
configure:2838: found /usr/bin/g++
configure:2849: result: g++
configure:2876: checking for C++ compiler version
configure:2885: g++ --version >&5
Apple LLVM version 6.0 (clang-600.0.54) (based on LLVM 3.5svn)
Target: x86_64-apple-darwin14.0.0
Thread model: posix
Configured with: --prefix=/Applications/Xcode.app/Contents/Developer/usr --with-gxx-include-dir=/Applications/Xcode.app/Contents/Developer/Platforms/MacOSX.platform/Developer/SDKs/MacOSX10.10.sdk/usr/include/c++/4.2.1
configure:2896: $? = 0
configure:2885: g++ -v >&5
Configured with: --prefix=/Applications/Xcode.app/Contents/Developer/usr --with-gxx-include-dir=/Applications/Xcode.app/Contents/Developer/Platforms/MacOSX.platform/Developer/SDKs/MacOSX10.10.sdk/usr/include/c++/4.2.1
Apple LLVM version 6.0 (clang-600.0.54) (based on LLVM 3.5svn)
Target: x86_64-apple-darwin14.0.0
Thread model: posix
configure:2896: $? = 0
configure:2885: g++ -V >&5
clang: error: argument to '-V' is missing (expected 1 value)
clang: error: no input files
configure:2896: $? = 1
configure:2885: g++ -qversion >&5
clang: error: unknown argument: '-qversion'
clang: error: no input files
configure:2896: $? = 1
configure:2916: checking whether the C++ compiler works
configure:2938: g++    conftest.cpp  >&5
configure:2942: $? = 0
configure:2990: result: yes
configure:2993: checking for C++ compiler default output file name
configure:2995: result: a.out
configure:3001: checking for suffix of executables
configure:3008: g++ -o conftest    conftest.cpp  >&5
configure:3012: $? = 0
configure:3034: result: 
configure:3056: checking whether we are cross compiling
configure:3064: g++ -o conftest    conftest.cpp  >&5
configure:3068: $? = 0
configure:3075: ./conftest
configure:3079: $? = 0
configure:3094: result: no
configure:3099: checking for suffix of object files
configure:3121: g++ -c   conftest.cpp >&5
configure:3125: $? = 0
configure:3146: result: o
configure:3150: checking whether we are using the GNU C++ compiler
configure:3169: g++ -c   conftest.cpp >&5
configure:3169: $? = 0
configure:3178: result: yes
configure:3187: checking whether g++ accepts -g
configure:3207: g++ -c -g  conftest.cpp >&5
configure:3207: $? = 0
configure:3248: result: yes
configure:3282: checking for style of include used by make
configure:3310: result: GNU
configure:3336: checking dependency style of g++
configure:3447: result: gcc3
configure:3478: checking for C++ compiler vendor
configure:3502: g++ -c -g -O2  conftest.cpp >&5
conftest.cpp:18:7: error: use of undeclared identifier 'thisisanerror'
      thisisanerror;
      ^
1 error generated.
configure:3502: $? = 1
configure: failed program was:
| /* confdefs.h */
| #define PACKAGE_NAME "Unimodularity Library"
| #define PACKAGE_TARNAME "unimodularity-library"
| #define PACKAGE_VERSION "1.2c"
| #define PACKAGE_STRING "Unimodularity Library 1.2c"
| #define PACKAGE_BUGREPORT "https://github.com/xammy/unimodularity-test/wiki"
| #define PACKAGE_URL ""
| #define PACKAGE "unimodularity-library"
| #define VERSION "1.2c"
| #define NDEBUG /**/
| /* end confdefs.h.  */
| 
| int
| main ()
| {
| 
| #if !(defined(__ICC) || defined(__ECC) || defined(__INTEL_COMPILER))
|       thisisanerror;
| #endif
| 
|   ;
|   return 0;
| }
configure:3502: g++ -c -g -O2  conftest.cpp >&5
conftest.cpp:18:7: error: use of undeclared identifier 'thisisanerror'
      thisisanerror;
      ^
1 error generated.
configure:3502: $? = 1
configure: failed program was:
| /* confdefs.h */
| #define PACKAGE_NAME "Unimodularity Library"
| #define PACKAGE_TARNAME "unimodularity-library"
| #define PACKAGE_VERSION "1.2c"
| #define PACKAGE_STRING "Unimodularity Library 1.2c"
| #define PACKAGE_BUGREPORT "https://github.com/xammy/unimodularity-test/wiki"
| #define PACKAGE_URL ""
| #define PACKAGE "unimodularity-library"
| #define VERSION "1.2c"
| #define NDEBUG /**/
| /* end confdefs.h.  */
| 
| int
| main ()
| {
| 
| #if !(defined(__xlc__) || defined(__xlC__) || defined(__IBMC__) || defined(__IBMCPP__))
|       thisisanerror;
| #endif
| 
|   ;
|   return 0;
| }
configure:3502: g++ -c -g -O2  conftest.cpp >&5
configure:3502: $? = 0
configure:3509: result: gnu
configure:3516: checking build system type
configure:3530: result: x86_64-apple-darwin14.0.0
configure:3550: checking host system type
configure:3563: result: x86_64-apple-darwin14.0.0
configure:3631: checking for gcc
configure:3647: found /usr/bin/gcc
configure:3658: result: gcc
configure:3887: checking for C compiler version
configure:3896: gcc --version >&5
Apple LLVM version 6.0 (clang-600.0.54) (based on LLVM 3.5svn)
Target: x86_64-apple-darwin14.0.0
Thread model: posix
Configured with: --prefix=/Applications/Xcode.app/Contents/Developer/usr --with-gxx-include-dir=/Applications/Xcode.app/Contents/Developer/Platforms/MacOSX.platform/Developer/SDKs/MacOSX10.10.sdk/usr/include/c++/4.2.1
configure:3907: $? = 0
configure:3896: gcc -v >&5
Configured with: --prefix=/Applications/Xcode.app/Contents/Developer/usr --with-gxx-include-dir=/Applications/Xcode.app/Contents/Developer/Platforms/MacOSX.platform/Developer/SDKs/MacOSX10.10.sdk/usr/include/c++/4.2.1
Apple LLVM version 6.0 (clang-600.0.54) (based on LLVM 3.5svn)
Target: x86_64-apple-darwin14.0.0
Thread model: posix
configure:3907: $? = 0
configure:3896: gcc -V >&5
clang: error: argument to '-V' is missing (expected 1 value)
clang: error: no input files
configure:3907: $? = 1
configure:3896: gcc -qversion >&5
clang: error: unknown argument: '-qversion'
clang: error: no input files
configure:3907: $? = 1
configure:3911: checking whether we are using the GNU C compiler
configure:3930: gcc -c   conftest.c >&5
configure:3930: $? = 0
configure:3939: result: yes
configure:3948: checking whether gcc accepts -g
configure:3968: gcc -c -g  conftest.c >&5
configure:3968: $? = 0
configure:4009: result: yes
configure:4026: checking for gcc option to accept ISO C89
configure:4090: gcc  -c -g -O2  conftest.c >&5
configure:4090: $? = 0
configure:4103: result: none needed
configure:4125: checking dependency style of gcc
configure:4236: result: gcc3
configure:4508: checking whether C++ compiler accepts -malign-double
configure:4527: g++ -c -malign-double  conftest.cpp >&5
clang: error: unknown argument: '-malign-double'
configure:4527: $? = 1
configure: failed program was:
| /* confdefs.h */
| #define PACKAGE_NAME "Unimodularity Library"
| #define PACKAGE_TARNAME "unimodularity-library"
| #define PACKAGE_VERSION "1.2c"
| #define PACKAGE_STRING "Unimodularity Library 1.2c"
| #define PACKAGE_BUGREPORT "https://github.com/xammy/unimodularity-test/wiki"
| #define PACKAGE_URL ""
| #define PACKAGE "unimodularity-library"
| #define VERSION "1.2c"
| #define NDEBUG /**/
| /* end confdefs.h.  */
| 
| int
| main ()
| {
| 
|   ;
|   return 0;
| }
configure:4537: result: no
configure:4547: checking whether C++ compiler accepts -fstrict-aliasing
configure:4566: g++ -c -fstrict-aliasing  conftest.cpp >&5
configure:4566: $? = 0
configure:4576: result: yes
configure:4586: checking whether C++ compiler accepts -ffast-math
configure:4605: g++ -c -ffast-math  conftest.cpp >&5
configure:4605: $? = 0
configure:4615: result: yes
configure:4636: checking for gcc architecture flag
configure:4638: result: 
configure:4660: checking for x86 cpuid 0 output
configure:4689: gcc -o conftest -g -O2   conftest.c  >&5
configure:4689: $? = 0
configure:4689: ./conftest
configure:4689: $? = 0
configure:4699: result: d:756e6547:6c65746e:49656e69
configure:4715: checking for x86 cpuid 1 output
configure:4744: gcc -o conftest -g -O2   conftest.c  >&5
configure:4744: $? = 0
configure:4744: ./conftest
configure:4744: $? = 0
configure:4754: result: 206a7:1100800:1fbae3ff:bfebfbff
configure:4968: checking whether C++ compiler accepts -march=pentium2
configure:4983: g++ -c -march=pentium2  conftest.cpp >&5
error: unknown target CPU 'pentium2'
configure:4983: $? = 1
configure: failed program was:
| /* confdefs.h */
| #define PACKAGE_NAME "Unimodularity Library"
| #define PACKAGE_TARNAME "unimodularity-library"
| #define PACKAGE_VERSION "1.2c"
| #define PACKAGE_STRING "Unimodularity Library 1.2c"
| #define PACKAGE_BUGREPORT "https://github.com/xammy/unimodularity-test/wiki"
| #define PACKAGE_URL ""
| #define PACKAGE "unimodularity-library"
| #define VERSION "1.2c"
| #define NDEBUG /**/
| /* end confdefs.h.  */
| 
| int
| main ()
| {
| 
|   ;
|   return 0;
| }
configure:4991: result: no
configure:4968: checking whether C++ compiler accepts -mcpu=pentium2
configure:4983: g++ -c -mcpu=pentium2  conftest.cpp >&5
clang: warning: argument unused during compilation: '-mcpu=pentium2'
configure:4983: $? = 0
configure:4991: result: yes
configure:5008: checking for gcc architecture flag
configure:5010: result: -mcpu=pentium2
configure:5032: checking whether C++ compiler accepts -O3 -fomit-frame-pointer -fstrict-aliasing -ffast-math
configure:5047: g++ -c -O3 -fomit-frame-pointer -fstrict-aliasing -ffast-math  conftest.cpp >&5
configure:5047: $? = 0
configure:5055: result: yes
configure:5075: checking CXXFLAGS for maximum warnings
configure:5102: g++ -o conftest -O3 -fomit-frame-pointer -fstrict-aliasing -ffast-math -pedantic  -Wall   conftest.cpp  >&5
configure:5102: $? = 0
configure:5117: result: -Wall
configure:5130: : CXXFLAGS="$CXXFLAGS $ac_cv_cxxflags_warn_all"
configure:5133: $? = 0
configure:5141: checking whether to enable assertions
configure:5159: result: yes
configure:5209: checking how to print strings
configure:5236: result: printf
configure:5257: checking for a sed that does not truncate output
configure:5321: result: /usr/bin/sed
configure:5339: checking for grep that handles long lines and -e
configure:5397: result: /usr/bin/grep
configure:5402: checking for egrep
configure:5464: result: /usr/bin/grep -E
configure:5469: checking for fgrep
configure:5531: result: /usr/bin/grep -F
configure:5566: checking for ld used by gcc
configure:5633: result: /Applications/Xcode.app/Contents/Developer/Toolchains/XcodeDefault.xctoolchain/usr/bin/ld
configure:5640: checking if the linker (/Applications/Xcode.app/Contents/Developer/Toolchains/XcodeDefault.xctoolchain/usr/bin/ld) is GNU ld
configure:5655: result: no
configure:5667: checking for BSD- or MS-compatible name lister (nm)
configure:5716: result: /usr/bin/nm
configure:5846: checking the name lister (/usr/bin/nm) interface
configure:5853: g++ -c -O3 -fomit-frame-pointer -fstrict-aliasing -ffast-math -Wall  conftest.cpp >&5
configure:5856: /usr/bin/nm "conftest.o"
configure:5859: output
0000000000000000 S _some_variable
configure:5866: result: BSD nm
configure:5869: checking whether ln -s works
configure:5873: result: yes
configure:5881: checking the maximum length of command line arguments
configure:6011: result: 196608
configure:6028: checking whether the shell understands some XSI constructs
configure:6038: result: yes
configure:6042: checking whether the shell understands "+="
configure:6048: result: yes
configure:6083: checking how to convert x86_64-apple-darwin14.0.0 file names to x86_64-apple-darwin14.0.0 format
configure:6123: result: func_convert_file_noop
configure:6130: checking how to convert x86_64-apple-darwin14.0.0 file names to toolchain format
configure:6150: result: func_convert_file_noop
configure:6157: checking for /Applications/Xcode.app/Contents/Developer/Toolchains/XcodeDefault.xctoolchain/usr/bin/ld option to reload object files
configure:6164: result: -r
configure:6238: checking for objdump
configure:6268: result: no
configure:6297: checking how to recognize dependent libraries
configure:6499: result: pass_all
configure:6584: checking for dlltool
configure:6614: result: no
configure:6644: checking how to associate runtime and link libraries
configure:6671: result: printf %s\n
configure:6731: checking for ar
configure:6747: found /usr/bin/ar
configure:6758: result: ar
configure:6795: checking for archiver @FILE support
configure:6812: g++ -c -O3 -fomit-frame-pointer -fstrict-aliasing -ffast-math -Wall  conftest.cpp >&5
configure:6812: $? = 0
configure:6815: ar cru libconftest.a @conftest.lst >&5
ar: @conftest.lst: No such file or directory
configure:6818: $? = 1
configure:6838: result: no
configure:6896: checking for strip
configure:6912: found /usr/bin/strip
configure:6923: result: strip
configure:6995: checking for ranlib
configure:7011: found /usr/bin/ranlib
configure:7022: result: ranlib
configure:7124: checking command to parse /usr/bin/nm output from gcc object
configure:7244: g++ -c -O3 -fomit-frame-pointer -fstrict-aliasing -ffast-math -Wall  conftest.cpp >&5
configure:7247: $? = 0
configure:7251: /usr/bin/nm conftest.o \| sed -n -e 's/^.*[ ]\([BCDEGRST][BCDEGRST]*\)[ ][ ]*\([_A-Za-z][_A-Za-z0-9]*\)$/\1 \2 \2/p' | sed '/ __gnu_lto/d' \> conftest.nm
configure:7254: $? = 0
cannot find nm_test_var in conftest.nm
configure:7244: g++ -c -O3 -fomit-frame-pointer -fstrict-aliasing -ffast-math -Wall  conftest.cpp >&5
configure:7247: $? = 0
configure:7251: /usr/bin/nm conftest.o \| sed -n -e 's/^.*[ ]\([BCDEGRST][BCDEGRST]*\)[ ][ ]*_\([_A-Za-z][_A-Za-z0-9]*\)$/\1 _\2 \2/p' | sed '/ __gnu_lto/d' \> conftest.nm
configure:7254: $? = 0
configure:7320: g++ -o conftest -O3 -fomit-frame-pointer -fstrict-aliasing -ffast-math -Wall   conftest.cpp conftstm.o >&5
conftest.cpp:25:1: warning: unused variable 'lt__PROGRAM__LTX_preloaded_symbols' [-Wunused-const-variable]
lt__PROGRAM__LTX_preloaded_symbols[] =
^
1 warning generated.
configure:7323: $? = 0
configure:7361: result: ok
configure:7398: checking for sysroot
configure:7428: result: no
configure:7684: checking for mt
configure:7714: result: no
configure:7734: checking if : is a manifest tool
configure:7740: : '-?'
configure:7748: result: no
configure:7804: checking for dsymutil
configure:7820: found /usr/bin/dsymutil
configure:7831: result: dsymutil
configure:7896: checking for nmedit
configure:7912: found /usr/bin/nmedit
configure:7923: result: nmedit
configure:7988: checking for lipo
configure:8004: found /usr/bin/lipo
configure:8015: result: lipo
configure:8080: checking for otool
configure:8096: found /usr/bin/otool
configure:8107: result: otool
configure:8172: checking for otool64
configure:8202: result: no
configure:8247: checking for -single_module linker flag
gcc -g -O2 -mcpu=pentium2  -o libconftest.dylib -dynamiclib -Wl,-single_module conftest.c
configure:8280: result: yes
configure:8283: checking for -exported_symbols_list linker flag
configure:8303: g++ -o conftest -O3 -fomit-frame-pointer -fstrict-aliasing -ffast-math -Wall   -Wl,-exported_symbols_list,conftest.sym conftest.cpp  >&5
configure:8303: $? = 0
configure:8313: result: yes
configure:8316: checking for -force_load linker flag
gcc -g -O2 -mcpu=pentium2 -c -o conftest.o conftest.c
clang: warning: argument unused during compilation: '-mcpu=pentium2'
ar cru libconftest.a conftest.o
ranlib libconftest.a
gcc -g -O2 -mcpu=pentium2  -o conftest conftest.c -Wl,-force_load,./libconftest.a
configure:8348: result: yes
configure:8390: checking how to run the C preprocessor
configure:8421: gcc -E  conftest.c
configure:8421: $? = 0
configure:8435: gcc -E  conftest.c
conftest.c:12:10: fatal error: 'ac_nonexistent.h' file not found
#include <ac_nonexistent.h>
         ^
1 error generated.
configure:8435: $? = 1
configure: failed program was:
| /* confdefs.h */
| #define PACKAGE_NAME "Unimodularity Library"
| #define PACKAGE_TARNAME "unimodularity-library"
| #define PACKAGE_VERSION "1.2c"
| #define PACKAGE_STRING "Unimodularity Library 1.2c"
| #define PACKAGE_BUGREPORT "https://github.com/xammy/unimodularity-test/wiki"
| #define PACKAGE_URL ""
| #define PACKAGE "unimodularity-library"
| #define VERSION "1.2c"
| #define NDEBUG /**/
| /* end confdefs.h.  */
| #include <ac_nonexistent.h>
configure:8460: result: gcc -E
configure:8480: gcc -E  conftest.c
configure:8480: $? = 0
configure:8494: gcc -E  conftest.c
conftest.c:12:10: fatal error: 'ac_nonexistent.h' file not found
#include <ac_nonexistent.h>
         ^
1 error generated.
configure:8494: $? = 1
configure: failed program was:
| /* confdefs.h */
| #define PACKAGE_NAME "Unimodularity Library"
| #define PACKAGE_TARNAME "unimodularity-library"
| #define PACKAGE_VERSION "1.2c"
| #define PACKAGE_STRING "Unimodularity Library 1.2c"
| #define PACKAGE_BUGREPORT "https://github.com/xammy/unimodularity-test/wiki"
| #define PACKAGE_URL ""
| #define PACKAGE "unimodularity-library"
| #define VERSION "1.2c"
| #define NDEBUG /**/
| /* end confdefs.h.  */
| #include <ac_nonexistent.h>
configure:8523: checking for ANSI C header files
configure:8543: gcc -c -g -O2 -mcpu=pentium2  conftest.c >&5
clang: warning: argument unused during compilation: '-mcpu=pentium2'
configure:8543: $? = 0
configure:8616: gcc -o conftest -g -O2 -mcpu=pentium2   conftest.c  >&5
clang: warning: argument unused during compilation: '-mcpu=pentium2'
configure:8616: $? = 0
configure:8616: ./conftest
configure:8616: $? = 0
configure:8627: result: yes
configure:8640: checking for sys/types.h
configure:8640: gcc -c -g -O2 -mcpu=pentium2  conftest.c >&5
clang: warning: argument unused during compilation: '-mcpu=pentium2'
configure:8640: $? = 0
configure:8640: result: yes
configure:8640: checking for sys/stat.h
configure:8640: gcc -c -g -O2 -mcpu=pentium2  conftest.c >&5
clang: warning: argument unused during compilation: '-mcpu=pentium2'
configure:8640: $? = 0
configure:8640: result: yes
configure:8640: checking for stdlib.h
configure:8640: gcc -c -g -O2 -mcpu=pentium2  conftest.c >&5
clang: warning: argument unused during compilation: '-mcpu=pentium2'
configure:8640: $? = 0
configure:8640: result: yes
configure:8640: checking for string.h
configure:8640: gcc -c -g -O2 -mcpu=pentium2  conftest.c >&5
clang: warning: argument unused during compilation: '-mcpu=pentium2'
configure:8640: $? = 0
configure:8640: result: yes
configure:8640: checking for memory.h
configure:8640: gcc -c -g -O2 -mcpu=pentium2  conftest.c >&5
clang: warning: argument unused during compilation: '-mcpu=pentium2'
configure:8640: $? = 0
configure:8640: result: yes
configure:8640: checking for strings.h
configure:8640: gcc -c -g -O2 -mcpu=pentium2  conftest.c >&5
clang: warning: argument unused during compilation: '-mcpu=pentium2'
configure:8640: $? = 0
configure:8640: result: yes
configure:8640: checking for inttypes.h
configure:8640: gcc -c -g -O2 -mcpu=pentium2  conftest.c >&5
clang: warning: argument unused during compilation: '-mcpu=pentium2'
configure:8640: $? = 0
configure:8640: result: yes
configure:8640: checking for stdint.h
configure:8640: gcc -c -g -O2 -mcpu=pentium2  conftest.c >&5
clang: warning: argument unused during compilation: '-mcpu=pentium2'
configure:8640: $? = 0
configure:8640: result: yes
configure:8640: checking for unistd.h
configure:8640: gcc -c -g -O2 -mcpu=pentium2  conftest.c >&5
clang: warning: argument unused during compilation: '-mcpu=pentium2'
configure:8640: $? = 0
configure:8640: result: yes
configure:8654: checking for dlfcn.h
configure:8654: gcc -c -g -O2 -mcpu=pentium2  conftest.c >&5
clang: warning: argument unused during compilation: '-mcpu=pentium2'
configure:8654: $? = 0
configure:8654: result: yes
configure:8870: checking for objdir
configure:8885: result: .libs
configure:9156: checking if gcc supports -fno-rtti -fno-exceptions
configure:9174: gcc -c -g -O2 -mcpu=pentium2  -fno-rtti -fno-exceptions conftest.c >&5
clang: warning: argument unused during compilation: '-mcpu=pentium2'
configure:9178: $? = 0
configure:9191: result: yes
configure:9518: checking for gcc option to produce PIC
configure:9525: result: -fno-common -DPIC
configure:9533: checking if gcc PIC flag -fno-common -DPIC works
configure:9551: gcc -c -g -O2 -mcpu=pentium2  -fno-common -DPIC -DPIC conftest.c >&5
clang: warning: argument unused during compilation: '-mcpu=pentium2'
configure:9555: $? = 0
configure:9568: result: yes
configure:9597: checking if gcc static flag -static works
configure:9625: result: no
configure:9640: checking if gcc supports -c -o file.o
configure:9661: gcc -c -g -O2 -mcpu=pentium2  -o out/conftest2.o conftest.c >&5
clang: warning: argument unused during compilation: '-mcpu=pentium2'
configure:9665: $? = 0
configure:9687: result: yes
configure:9695: checking if gcc supports -c -o file.o
configure:9742: result: yes
configure:9775: checking whether the gcc linker (/Applications/Xcode.app/Contents/Developer/Toolchains/XcodeDefault.xctoolchain/usr/bin/ld) supports shared libraries
configure:10932: result: yes
configure:11172: checking dynamic linker characteristics
configure:11917: result: darwin14.0.0 dyld
configure:12024: checking how to hardcode library paths into programs
configure:12049: result: immediate
configure:12589: checking whether stripping libraries is possible
configure:12603: result: yes
configure:12629: checking if libtool supports shared libraries
configure:12631: result: yes
configure:12634: checking whether to build shared libraries
configure:12655: result: yes
configure:12658: checking whether to build static libraries
configure:12662: result: yes
configure:12685: checking how to run the C++ preprocessor
configure:12712: g++ -E  conftest.cpp
configure:12712: $? = 0
configure:12726: g++ -E  conftest.cpp
conftest.cpp:24:10: fatal error: 'ac_nonexistent.h' file not found
#include <ac_nonexistent.h>
         ^
1 error generated.
configure:12726: $? = 1
configure: failed program was:
| /* confdefs.h */
| #define PACKAGE_NAME "Unimodularity Library"
| #define PACKAGE_TARNAME "unimodularity-library"
| #define PACKAGE_VERSION "1.2c"
| #define PACKAGE_STRING "Unimodularity Library 1.2c"
| #define PACKAGE_BUGREPORT "https://github.com/xammy/unimodularity-test/wiki"
| #define PACKAGE_URL ""
| #define PACKAGE "unimodularity-library"
| #define VERSION "1.2c"
| #define NDEBUG /**/
| #define STDC_HEADERS 1
| #define HAVE_SYS_TYPES_H 1
| #define HAVE_SYS_STAT_H 1
| #define HAVE_STDLIB_H 1
| #define HAVE_STRING_H 1
| #define HAVE_MEMORY_H 1
| #define HAVE_STRINGS_H 1
| #define HAVE_INTTYPES_H 1
| #define HAVE_STDINT_H 1
| #define HAVE_UNISTD_H 1
| #define HAVE_DLFCN_H 1
| #define LT_OBJDIR ".libs/"
| /* end confdefs.h.  */
| #include <ac_nonexistent.h>
configure:12751: result: g++ -E
configure:12771: g++ -E  conftest.cpp
configure:12771: $? = 0
configure:12785: g++ -E  conftest.cpp
conftest.cpp:24:10: fatal error: 'ac_nonexistent.h' file not found
#include <ac_nonexistent.h>
         ^
1 error generated.
configure:12785: $? = 1
configure: failed program was:
| /* confdefs.h */
| #define PACKAGE_NAME "Unimodularity Library"
| #define PACKAGE_TARNAME "unimodularity-library"
| #define PACKAGE_VERSION "1.2c"
| #define PACKAGE_STRING "Unimodularity Library 1.2c"
| #define PACKAGE_BUGREPORT "https://github.com/xammy/unimodularity-test/wiki"
| #define PACKAGE_URL ""
| #define PACKAGE "unimodularity-library"
| #define VERSION "1.2c"
| #define NDEBUG /**/
| #define STDC_HEADERS 1
| #define HAVE_SYS_TYPES_H 1
| #define HAVE_SYS_STAT_H 1
| #define HAVE_STDLIB_H 1
| #define HAVE_STRING_H 1
| #define HAVE_MEMORY_H 1
| #define HAVE_STRINGS_H 1
| #define HAVE_INTTYPES_H 1
| #define HAVE_STDINT_H 1
| #define HAVE_UNISTD_H 1
| #define HAVE_DLFCN_H 1
| #define LT_OBJDIR ".libs/"
| /* end confdefs.h.  */
| #include <ac_nonexistent.h>
configure:12954: checking for ld used by g++
configure:13021: result: /Applications/Xcode.app/Contents/Developer/Toolchains/XcodeDefault.xctoolchain/usr/bin/ld
configure:13028: checking if the linker (/Applications/Xcode.app/Contents/Developer/Toolchains/XcodeDefault.xctoolchain/usr/bin/ld) is GNU ld
configure:13043: result: no
configure:13098: checking whether the g++ linker (/Applications/Xcode.app/Contents/Developer/Toolchains/XcodeDefault.xctoolchain/usr/bin/ld) supports shared libraries
configure:14103: result: yes
configure:14139: g++ -c -O3 -fomit-frame-pointer -fstrict-aliasing -ffast-math -Wall  conftest.cpp >&5
configure:14142: $? = 0
configure:14662: checking for g++ option to produce PIC
configure:14669: result: -fno-common -DPIC
configure:14677: checking if g++ PIC flag -fno-common -DPIC works
configure:14695: g++ -c -O3 -fomit-frame-pointer -fstrict-aliasing -ffast-math -Wall  -fno-common -DPIC -DPIC conftest.cpp >&5
configure:14699: $? = 0
configure:14712: result: yes
configure:14735: checking if g++ static flag -static works
configure:14763: result: no
configure:14775: checking if g++ supports -c -o file.o
configure:14796: g++ -c -O3 -fomit-frame-pointer -fstrict-aliasing -ffast-math -Wall  -o out/conftest2.o conftest.cpp >&5
configure:14800: $? = 0
configure:14822: result: yes
configure:14827: checking if g++ supports -c -o file.o
configure:14874: result: yes
configure:14904: checking whether the g++ linker (/Applications/Xcode.app/Contents/Developer/Toolchains/XcodeDefault.xctoolchain/usr/bin/ld) supports shared libraries
configure:14943: result: yes
configure:15084: checking dynamic linker characteristics
configure:15763: result: darwin14.0.0 dyld
configure:15816: checking how to hardcode library paths into programs
configure:15841: result: immediate
configure:15951: checking for boostlib >= 1.43.0
configure:16005: g++ -c -O3 -fomit-frame-pointer -fstrict-aliasing -ffast-math -Wall  -I/usr/local/include conftest.cpp >&5
configure:16005: $? = 0
configure:16007: result: yes
configure:16287: creating ./config.status

## ---------------------- ##
## Running config.status. ##
## ---------------------- ##

This file was extended by Unimodularity Library config.status 1.2c, which was
generated by GNU Autoconf 2.68.  Invocation command line was

  CONFIG_FILES    = 
  CONFIG_HEADERS  = 
  CONFIG_LINKS    = 
  CONFIG_COMMANDS = 
  $ ./config.status 

on Tokunaga-MBA.local

config.status:1154: creating Makefile
config.status:1154: creating src/Makefile
config.status:1154: creating config.h
config.status:1335: config.h is unchanged
config.status:1383: executing depfiles commands
config.status:1383: executing libtool commands

## ---------------- ##
## Cache variables. ##
## ---------------- ##

ac_cv_build=x86_64-apple-darwin14.0.0
ac_cv_c_compiler_gnu=yes
ac_cv_cxx_compiler_gnu=yes
ac_cv_cxxflags_warn_all=-Wall
ac_cv_env_CCC_set=
ac_cv_env_CCC_value=
ac_cv_env_CC_set=
ac_cv_env_CC_value=
ac_cv_env_CFLAGS_set=
ac_cv_env_CFLAGS_value=
ac_cv_env_CPPFLAGS_set=
ac_cv_env_CPPFLAGS_value=
ac_cv_env_CPP_set=
ac_cv_env_CPP_value=
ac_cv_env_CXXCPP_set=
ac_cv_env_CXXCPP_value=
ac_cv_env_CXXFLAGS_set=
ac_cv_env_CXXFLAGS_value=
ac_cv_env_CXX_set=
ac_cv_env_CXX_value=
ac_cv_env_LDFLAGS_set=
ac_cv_env_LDFLAGS_value=
ac_cv_env_LIBS_set=
ac_cv_env_LIBS_value=
ac_cv_env_build_alias_set=
ac_cv_env_build_alias_value=
ac_cv_env_host_alias_set=
ac_cv_env_host_alias_value=
ac_cv_env_target_alias_set=
ac_cv_env_target_alias_value=
ac_cv_header_dlfcn_h=yes
ac_cv_header_inttypes_h=yes
ac_cv_header_memory_h=yes
ac_cv_header_stdc=yes
ac_cv_header_stdint_h=yes
ac_cv_header_stdlib_h=yes
ac_cv_header_string_h=yes
ac_cv_header_strings_h=yes
ac_cv_header_sys_stat_h=yes
ac_cv_header_sys_types_h=yes
ac_cv_header_unistd_h=yes
ac_cv_host=x86_64-apple-darwin14.0.0
ac_cv_objext=o
ac_cv_path_EGREP='/usr/bin/grep -E'
ac_cv_path_FGREP='/usr/bin/grep -F'
ac_cv_path_GREP=/usr/bin/grep
ac_cv_path_SED=/usr/bin/sed
ac_cv_path_install='/usr/local/opt/coreutils/libexec/gnubin/install -c'
ac_cv_path_mkdir=/usr/local/opt/coreutils/libexec/gnubin/mkdir
ac_cv_prog_AWK=awk
ac_cv_prog_CPP='gcc -E'
ac_cv_prog_CXXCPP='g++ -E'
ac_cv_prog_ac_ct_AR=ar
ac_cv_prog_ac_ct_CC=gcc
ac_cv_prog_ac_ct_CXX=g++
ac_cv_prog_ac_ct_DSYMUTIL=dsymutil
ac_cv_prog_ac_ct_LIPO=lipo
ac_cv_prog_ac_ct_NMEDIT=nmedit
ac_cv_prog_ac_ct_OTOOL=otool
ac_cv_prog_ac_ct_RANLIB=ranlib
ac_cv_prog_ac_ct_STRIP=strip
ac_cv_prog_cc_c89=
ac_cv_prog_cc_g=yes
ac_cv_prog_cxx_g=yes
ac_cv_prog_make_make_set=yes
am_cv_CC_dependencies_compiler_type=gcc3
am_cv_CXX_dependencies_compiler_type=gcc3
ax_cv_cxx_compiler_vendor=gnu
ax_cv_cxx_flags__O3__fomit_frame_pointer__fstrict_aliasing__ffast_math=yes
ax_cv_cxx_flags__ffast_math=yes
ax_cv_cxx_flags__fstrict_aliasing=yes
ax_cv_cxx_flags__malign_double=no
ax_cv_cxx_flags__march_pentium2=no
ax_cv_cxx_flags__mcpu_pentium2=yes
ax_cv_gcc_archflag=-mcpu=pentium2
ax_cv_gcc_x86_cpuid_0=d:756e6547:6c65746e:49656e69
ax_cv_gcc_x86_cpuid_1=206a7:1100800:1fbae3ff:bfebfbff
lt_cv_apple_cc_single_mod=yes
lt_cv_ar_at_file=no
lt_cv_deplibs_check_method=pass_all
lt_cv_file_magic_cmd='$MAGIC_CMD'
lt_cv_file_magic_test_file=
lt_cv_ld_exported_symbols_list=yes
lt_cv_ld_force_load=yes
lt_cv_ld_reload_flag=-r
lt_cv_nm_interface='BSD nm'
lt_cv_objdir=.libs
lt_cv_path_LD=/Applications/Xcode.app/Contents/Developer/Toolchains/XcodeDefault.xctoolchain/usr/bin/ld
lt_cv_path_LDCXX=/Applications/Xcode.app/Contents/Developer/Toolchains/XcodeDefault.xctoolchain/usr/bin/ld
lt_cv_path_NM=/usr/bin/nm
lt_cv_path_mainfest_tool=no
lt_cv_prog_compiler_c_o=yes
lt_cv_prog_compiler_c_o_CXX=yes
lt_cv_prog_compiler_pic='-fno-common -DPIC'
lt_cv_prog_compiler_pic_CXX='-fno-common -DPIC'
lt_cv_prog_compiler_pic_works=yes
lt_cv_prog_compiler_pic_works_CXX=yes
lt_cv_prog_compiler_rtti_exceptions=yes
lt_cv_prog_compiler_static_works=no
lt_cv_prog_compiler_static_works_CXX=no
lt_cv_prog_gnu_ld=no
lt_cv_prog_gnu_ldcxx=no
lt_cv_sharedlib_from_linklib_cmd='printf %s\n'
lt_cv_sys_global_symbol_pipe='sed -n -e '\''s/^.*[	 ]\([BCDEGRST][BCDEGRST]*\)[	 ][	 ]*_\([_A-Za-z][_A-Za-z0-9]*\)$/\1 _\2 \2/p'\'' | sed '\''/ __gnu_lto/d'\'''
lt_cv_sys_global_symbol_to_c_name_address='sed -n -e '\''s/^: \([^ ]*\)[ ]*$/  {\"\1\", (void *) 0},/p'\'' -e '\''s/^[BCDEGRST]* \([^ ]*\) \([^ ]*\)$/  {"\2", (void *) \&\2},/p'\'''
lt_cv_sys_global_symbol_to_c_name_address_lib_prefix='sed -n -e '\''s/^: \([^ ]*\)[ ]*$/  {\"\1\", (void *) 0},/p'\'' -e '\''s/^[BCDEGRST]* \([^ ]*\) \(lib[^ ]*\)$/  {"\2", (void *) \&\2},/p'\'' -e '\''s/^[BCDEGRST]* \([^ ]*\) \([^ ]*\)$/  {"lib\2", (void *) \&\2},/p'\'''
lt_cv_sys_global_symbol_to_cdecl='sed -n -e '\''s/^T .* \(.*\)$/extern int \1();/p'\'' -e '\''s/^[BCDEGRST]* .* \(.*\)$/extern char \1;/p'\'''
lt_cv_sys_max_cmd_len=196608
lt_cv_to_host_file_cmd=func_convert_file_noop
lt_cv_to_tool_file_cmd=func_convert_file_noop

## ----------------- ##
## Output variables. ##
## ----------------- ##

ACLOCAL='${SHELL} /Users/tokunagamakoto/Programing/unimodularity-library-1.2c/missing --run aclocal-1.11'
AMDEPBACKSLASH='\'
AMDEP_FALSE='#'
AMDEP_TRUE=''
AMTAR='$${TAR-tar}'
AR='ar'
AUTOCONF='${SHELL} /Users/tokunagamakoto/Programing/unimodularity-library-1.2c/missing --run autoconf'
AUTOHEADER='${SHELL} /Users/tokunagamakoto/Programing/unimodularity-library-1.2c/missing --run autoheader'
AUTOMAKE='${SHELL} /Users/tokunagamakoto/Programing/unimodularity-library-1.2c/missing --run automake-1.11'
AWK='awk'
BOOST_CPPFLAGS='-I/usr/local/include'
BOOST_LDFLAGS='-L/usr/local/lib'
CC='gcc'
CCDEPMODE='depmode=gcc3'
CFLAGS='-g -O2 -mcpu=pentium2'
CPP='gcc -E'
CPPFLAGS=''
CXX='g++'
CXXCPP='g++ -E'
CXXDEPMODE='depmode=gcc3'
CXXFLAGS='-O3 -fomit-frame-pointer -fstrict-aliasing -ffast-math -Wall'
CYGPATH_W='echo'
DEFS='-DHAVE_CONFIG_H'
DEPDIR='.deps'
DLLTOOL='false'
DSYMUTIL='dsymutil'
DUMPBIN=''
ECHO_C='\c'
ECHO_N=''
ECHO_T=''
EGREP='/usr/bin/grep -E'
EXEEXT=''
FGREP='/usr/bin/grep -F'
GREP='/usr/bin/grep'
INSTALL_DATA='${INSTALL} -m 644'
INSTALL_PROGRAM='${INSTALL}'
INSTALL_SCRIPT='${INSTALL}'
INSTALL_STRIP_PROGRAM='$(install_sh) -c -s'
LD='/Applications/Xcode.app/Contents/Developer/Toolchains/XcodeDefault.xctoolchain/usr/bin/ld'
LDFLAGS=''
LIBOBJS=''
LIBS=''
LIBTOOL='$(SHELL) $(top_builddir)/libtool'
LIPO='lipo'
LN_S='ln -s'
LTLIBOBJS=''
MAKEINFO='${SHELL} /Users/tokunagamakoto/Programing/unimodularity-library-1.2c/missing --run makeinfo'
MANIFEST_TOOL=':'
MKDIR_P='/usr/local/opt/coreutils/libexec/gnubin/mkdir -p'
NM='/usr/bin/nm'
NMEDIT='nmedit'
OBJDUMP='false'
OBJEXT='o'
OTOOL64=':'
OTOOL='otool'
PACKAGE='unimodularity-library'
PACKAGE_BUGREPORT='https://github.com/xammy/unimodularity-test/wiki'
PACKAGE_NAME='Unimodularity Library'
PACKAGE_STRING='Unimodularity Library 1.2c'
PACKAGE_TARNAME='unimodularity-library'
PACKAGE_URL=''
PACKAGE_VERSION='1.2c'
PATH_SEPARATOR=':'
PRTDIAG=''
RANLIB='ranlib'
SED='/usr/bin/sed'
SET_MAKE=''
SHELL='/bin/sh'
STRIP='strip'
VERSION='1.2c'
ac_ct_AR='ar'
ac_ct_CC='gcc'
ac_ct_CXX='g++'
ac_ct_DUMPBIN=''
am__EXEEXT_FALSE=''
am__EXEEXT_TRUE='#'
am__fastdepCC_FALSE='#'
am__fastdepCC_TRUE=''
am__fastdepCXX_FALSE='#'
am__fastdepCXX_TRUE=''
am__include='include'
am__isrc=''
am__leading_dot='.'
am__nodep='_no'
am__quote=''
am__tar='$${TAR-tar} chof - "$$tardir"'
am__untar='$${TAR-tar} xf -'
bindir='${exec_prefix}/bin'
build='x86_64-apple-darwin14.0.0'
build_alias=''
build_cpu='x86_64'
build_os='darwin14.0.0'
build_vendor='apple'
datadir='${datarootdir}'
datarootdir='${prefix}/share'
docdir='${datarootdir}/doc/${PACKAGE_TARNAME}'
dvidir='${docdir}'
exec_prefix='${prefix}'
host='x86_64-apple-darwin14.0.0'
host_alias=''
host_cpu='x86_64'
host_os='darwin14.0.0'
host_vendor='apple'
htmldir='${docdir}'
includedir='${prefix}/include'
infodir='${datarootdir}/info'
install_sh='${SHELL} /Users/tokunagamakoto/Programing/unimodularity-library-1.2c/install-sh'
libdir='${exec_prefix}/lib'
libexecdir='${exec_prefix}/libexec'
localedir='${datarootdir}/locale'
localstatedir='${prefix}/var'
mandir='${datarootdir}/man'
mkdir_p='/usr/local/opt/coreutils/libexec/gnubin/mkdir -p'
oldincludedir='/usr/include'
pdfdir='${docdir}'
prefix='/usr/local'
program_transform_name='s,x,x,'
psdir='${docdir}'
sbindir='${exec_prefix}/sbin'
sharedstatedir='${prefix}/com'
sysconfdir='${prefix}/etc'
target_alias=''

## ----------- ##
## confdefs.h. ##
## ----------- ##

/* confdefs.h */
#define PACKAGE_NAME "Unimodularity Library"
#define PACKAGE_TARNAME "unimodularity-library"
#define PACKAGE_VERSION "1.2c"
#define PACKAGE_STRING "Unimodularity Library 1.2c"
#define PACKAGE_BUGREPORT "https://github.com/xammy/unimodularity-test/wiki"
#define PACKAGE_URL ""
#define PACKAGE "unimodularity-library"
#define VERSION "1.2c"
#define NDEBUG /**/
#define STDC_HEADERS 1
#define HAVE_SYS_TYPES_H 1
#define HAVE_SYS_STAT_H 1
#define HAVE_STDLIB_H 1
#define HAVE_STRING_H 1
#define HAVE_MEMORY_H 1
#define HAVE_STRINGS_H 1
#define HAVE_INTTYPES_H 1
#define HAVE_STDINT_H 1
#define HAVE_UNISTD_H 1
#define HAVE_DLFCN_H 1
#define LT_OBJDIR ".libs/"
#define HAVE_BOOST /**/

configure: exit 0
